2025-03-18 10:51:00,027 - root          - INFO    - 2025-03-18 10:51:00.026988
2025-03-18 10:51:00,027 - root          - INFO    - Storing logs in /Users/victorlopata/Quantum-Verification-QSW-2025/logs/SWAPgate_2.log
2025-03-18 10:51:00,027 - root          - INFO    - Running SWAPgate_2 example
2025-03-18 10:51:00,028 - sampling      - INFO    - Sampling states...
2025-03-18 10:51:10,083 - sampling      - INFO    - Samples made.
2025-03-18 10:51:10,083 - synthesizeBC  - INFO    - Making constraints for the linear optimization problem...
2025-03-18 10:51:10,091 - synthesizeBC  - INFO    - Constraints made.
2025-03-18 10:51:10,091 - linearOpt     - INFO    - Solving linear optimization problem...
2025-03-18 10:51:10,154 - linearOpt     - INFO    - Linear program terminated.
2025-03-18 10:51:10,154 - linearOpt     - INFO    - Optimization completed:Optimization terminated successfully. (HiGHS Status 7: Optimal)
2025-03-18 10:51:10,154 - linearOpt     - INFO    - Optimal value: 9.759560068457919
2025-03-18 10:51:10,154 - linearOpt     - INFO    - Extracting the real part of coefficients a form result...
2025-03-18 10:51:10,155 - linearOpt     - INFO    - [-2.43970387 24.39852788]
2025-03-18 10:51:10,155 - linearOpt     - INFO    - Extracting the immaginary part of coefficients a form result...
2025-03-18 10:51:10,155 - linearOpt     - INFO    - [0. 0.]
2025-03-18 10:51:10,171 - synthesizeBC  - INFO    - Candidate barrier certificate found
2025-03-18 10:51:10,171 - synthesizeBC  - INFO    - Poly(24.3985278791545*z0*(conjugate(z0)) - 2.43970387111931, z0, z1, z2, z3, conjugate(z0), conjugate(z1), conjugate(z2), conjugate(z3), domain='CC')
2025-03-18 10:51:10,171 - synthesizeBC  - INFO    - Time for the generation of the candidate: 10.144510665995767
2025-03-18 10:51:10,178 - smtcheck      - INFO    - Checking initial constraint...
2025-03-18 10:51:10,180 - smtcheck      - WARNING - Counterexample found: [im(z3) = 0,
 re(z0) = 5181/16384,
 re(z2) = 0,
 re(z3) = 0,
 im(z0) = 0,
 re(z1) = 0,
 im(z1) = 0,
 im(z2) = -0.94868483853320232832342826721263305667895059281314?]
2025-03-18 10:51:10,182 - synthesizeBC  - INFO    - No valid candidate found.
2025-03-18 10:51:10,182 - synthesizeBC  - INFO    - Extending template...
2025-03-18 10:51:10,182 - sampling      - INFO    - Sampling states...
2025-03-18 10:51:20,505 - sampling      - INFO    - Samples made.
2025-03-18 10:51:20,505 - synthesizeBC  - INFO    - Making constraints for the linear optimization problem...
2025-03-18 10:51:20,513 - synthesizeBC  - INFO    - Constraints made.
2025-03-18 10:51:20,513 - linearOpt     - INFO    - Solving linear optimization problem...
2025-03-18 10:51:20,590 - linearOpt     - INFO    - Linear program terminated.
2025-03-18 10:51:20,590 - linearOpt     - INFO    - Optimization completed:Optimization terminated successfully. (HiGHS Status 7: Optimal)
2025-03-18 10:51:20,590 - linearOpt     - INFO    - Optimal value: 4.849752074694202
2025-03-18 10:51:20,590 - linearOpt     - INFO    - Extracting the real part of coefficients a form result...
2025-03-18 10:51:20,590 - linearOpt     - INFO    - [-1.21234552 12.12419519 -0.        ]
2025-03-18 10:51:20,590 - linearOpt     - INFO    - Extracting the immaginary part of coefficients a form result...
2025-03-18 10:51:20,590 - linearOpt     - INFO    - [0. 0. 0.]
2025-03-18 10:51:20,591 - synthesizeBC  - INFO    - Candidate barrier certificate found
2025-03-18 10:51:20,591 - synthesizeBC  - INFO    - Poly(12.1241951861986*z0*(conjugate(z0)) - 1.2123455184051, z0, z1, z2, z3, conjugate(z0), conjugate(z1), conjugate(z2), conjugate(z3), domain='CC')
2025-03-18 10:51:20,591 - synthesizeBC  - INFO    - Time for the generation of the candidate: 10.420211000004201
2025-03-18 10:51:20,593 - smtcheck      - INFO    - Checking initial constraint...
2025-03-18 10:51:20,594 - smtcheck      - WARNING - Counterexample found: [im(z3) = 0,
 re(z0) = 5181/16384,
 re(z2) = 0,
 re(z3) = 0,
 im(z0) = 0,
 re(z1) = 0,
 im(z1) = 0,
 im(z2) = -0.94868483853320232832342826721263305667895059281314?]
2025-03-18 10:51:20,595 - synthesizeBC  - INFO    - No valid candidate found.
2025-03-18 10:51:20,595 - synthesizeBC  - INFO    - Extending template...
2025-03-18 10:51:20,595 - sampling      - INFO    - Sampling states...
2025-03-18 10:51:31,767 - sampling      - INFO    - Samples made.
2025-03-18 10:51:31,768 - synthesizeBC  - INFO    - Making constraints for the linear optimization problem...
2025-03-18 10:51:31,777 - synthesizeBC  - INFO    - Constraints made.
2025-03-18 10:51:31,777 - linearOpt     - INFO    - Solving linear optimization problem...
2025-03-18 10:51:31,887 - linearOpt     - INFO    - Linear program terminated.
2025-03-18 10:51:31,887 - linearOpt     - INFO    - Optimization completed:Optimization terminated successfully. (HiGHS Status 7: Optimal)
2025-03-18 10:51:31,887 - linearOpt     - INFO    - Optimal value: 6.999231008307708
2025-03-18 10:51:31,887 - linearOpt     - INFO    - Extracting the real part of coefficients a form result...
2025-03-18 10:51:31,887 - linearOpt     - INFO    - [-0.         15.70001428 -1.7444342  -1.7444342 ]
2025-03-18 10:51:31,887 - linearOpt     - INFO    - Extracting the immaginary part of coefficients a form result...
2025-03-18 10:51:31,888 - linearOpt     - INFO    - [0. 0. 0. 0.]
2025-03-18 10:51:31,889 - synthesizeBC  - INFO    - Candidate barrier certificate found
2025-03-18 10:51:31,889 - synthesizeBC  - INFO    - Poly(15.7000142783432*z0*(conjugate(z0)) - 1.74443420072546*z1*(conjugate(z1)) - 1.74443420072546*z2*(conjugate(z2)), z0, z1, z2, z3, conjugate(z0), conjugate(z1), conjugate(z2), conjugate(z3), domain='CC')
2025-03-18 10:51:31,889 - synthesizeBC  - INFO    - Time for the generation of the candidate: 11.298315958003514
2025-03-18 10:51:31,895 - smtcheck      - INFO    - Checking initial constraint...
2025-03-18 10:51:31,897 - smtcheck      - WARNING - Counterexample found: [im(z3) = 0,
 re(z0) = 1/4,
 re(z2) = 0,
 re(z3) = -0.96824583655185422129481634994559990270823042632289?,
 im(z0) = 0,
 re(z1) = 0,
 im(z1) = 0,
 im(z2) = 0]
2025-03-18 10:51:31,897 - synthesizeBC  - INFO    - No valid candidate found.
2025-03-18 10:51:31,897 - synthesizeBC  - INFO    - Extending template...
2025-03-18 10:51:31,898 - sampling      - INFO    - Sampling states...
