2025-03-17 22:34:19,326 - root          - INFO    - 2025-03-17 22:34:19.326074
2025-03-17 22:34:19,326 - root          - INFO    - Storing logs in /Users/victorlopata/Desktop/LAUREA 2024/BarrierCertificate-Verification/QuantumVerification/logs/Zgate_3.log
2025-03-17 22:34:19,326 - root          - INFO    - Running Zgate_3 example
2025-03-17 22:34:19,329 - sampling      - INFO    - Sampling initial states...
2025-03-17 22:34:21,390 - sampling      - INFO    - Initial states sampled.
2025-03-17 22:34:21,390 - sampling      - INFO    - Sampling unsafe states...
2025-03-17 22:34:23,415 - sampling      - INFO    - Unsafe states sampled
2025-03-17 22:34:23,415 - sampling      - INFO    - Sampling from the state space Z...
2025-03-17 22:34:30,568 - sampling      - INFO    - Sampled from Z.
2025-03-17 22:34:30,569 - synthesizeBC  - INFO    - Making constraints for the linear optimization problem...
2025-03-17 22:34:30,575 - synthesizeBC  - INFO    - Constraints made.
2025-03-17 22:34:30,575 - linearOpt     - INFO    - Solving linear optimization problem...
2025-03-17 22:34:30,597 - linearOpt     - INFO    - Linear program terminated.
2025-03-17 22:34:30,597 - linearOpt     - INFO    - Optimization completed:Optimization terminated successfully. (HiGHS Status 7: Optimal)
2025-03-17 22:34:30,597 - linearOpt     - INFO    - Optimal value: -0.0
2025-03-17 22:34:30,597 - linearOpt     - INFO    - Extracting the real part of coefficients a form result...
2025-03-17 22:34:30,598 - linearOpt     - INFO    - [-0.]
2025-03-17 22:34:30,598 - linearOpt     - INFO    - Extracting the immaginary part of coefficients a form result...
2025-03-17 22:34:30,598 - linearOpt     - INFO    - [0.]
2025-03-17 22:34:30,599 - synthesizeBC  - INFO    - No valid candidate found.
2025-03-17 22:34:30,599 - synthesizeBC  - INFO    - Extending template...
2025-03-17 22:34:30,599 - sampling      - INFO    - Sampling initial states...
2025-03-17 22:34:32,665 - sampling      - INFO    - Initial states sampled.
2025-03-17 22:34:32,665 - sampling      - INFO    - Sampling unsafe states...
2025-03-17 22:34:34,827 - sampling      - INFO    - Unsafe states sampled
2025-03-17 22:34:34,828 - sampling      - INFO    - Sampling from the state space Z...
2025-03-17 22:34:42,405 - sampling      - INFO    - Sampled from Z.
2025-03-17 22:34:42,405 - synthesizeBC  - INFO    - Making constraints for the linear optimization problem...
2025-03-17 22:34:42,413 - synthesizeBC  - INFO    - Constraints made.
2025-03-17 22:34:42,413 - linearOpt     - INFO    - Solving linear optimization problem...
2025-03-17 22:34:42,464 - linearOpt     - INFO    - Linear program terminated.
2025-03-17 22:34:42,464 - linearOpt     - INFO    - Optimization completed:Optimization terminated successfully. (HiGHS Status 7: Optimal)
2025-03-17 22:34:42,464 - linearOpt     - INFO    - Optimal value: 2.977402150030085
2025-03-17 22:34:42,464 - linearOpt     - INFO    - Extracting the real part of coefficients a form result...
2025-03-17 22:34:42,465 - linearOpt     - INFO    - [ 3.34955186 -3.72172429]
2025-03-17 22:34:42,465 - linearOpt     - INFO    - Extracting the immaginary part of coefficients a form result...
2025-03-17 22:34:42,465 - linearOpt     - INFO    - [0. 0.]
2025-03-17 22:34:42,483 - synthesizeBC  - INFO    - Candidate barrier certificate found
2025-03-17 22:34:42,483 - synthesizeBC  - INFO    - Poly(-3.72172429303464*z0*(conjugate(z0)) + 3.34955186373117, z0, z1, z2, z3, z4, z5, z6, z7, conjugate(z0), conjugate(z1), conjugate(z2), conjugate(z3), conjugate(z4), conjugate(z5), conjugate(z6), conjugate(z7), domain='CC')
2025-03-17 22:34:42,483 - synthesizeBC  - INFO    - Time for the generation of the candidate: 23.157673207999323
2025-03-17 22:34:42,492 - smtcheck      - INFO    - Checking initial constraint...
2025-03-17 22:34:42,495 - smtcheck      - INFO    - No counterexamples found.
2025-03-17 22:34:42,495 - smtcheck      - INFO    - checking unsafe constraints for barriers...
2025-03-17 22:34:42,499 - smtcheck      - INFO    - No counterexamples found.
2025-03-17 22:34:42,499 - smtcheck      - INFO    - checking for k_induction constraint...
2025-03-17 22:34:42,501 - smtcheck      - INFO    - No counterexamples found.
2025-03-17 22:34:42,501 - synthesizeBC  - INFO    - Barrier certificate is verified by SMT solver
2025-03-17 22:34:42,501 - synthesizeBC  - INFO    - Time for the verification: 0.017433625005651265
2025-03-17 22:34:42,501 - synthesizeBC  - INFO    - [Poly(-3.72172429303464*z0*(conjugate(z0)) + 3.34955186373117, z0, z1, z2, z3, z4, z5, z6, z7, conjugate(z0), conjugate(z1), conjugate(z2), conjugate(z3), conjugate(z4), conjugate(z5), conjugate(z6), conjugate(z7), domain='CC')]
