2025-03-17 21:48:53,871 - root          - INFO    - 2025-03-17 21:48:53.871340
2025-03-17 21:48:53,871 - root          - INFO    - Storing logs in /Users/victorlopata/Desktop/LAUREA 2024/BarrierCertificate-Verification/QuantumVerification/logs/Zgate_2.log
2025-03-17 21:48:53,871 - root          - INFO    - Running Zgate_2 example
2025-03-17 21:48:53,872 - sampling      - INFO    - Sampling initial states...
2025-03-17 21:48:55,468 - sampling      - INFO    - Initial states sampled.
2025-03-17 21:48:55,468 - sampling      - INFO    - Sampling unsafe states...
2025-03-17 21:48:57,077 - sampling      - INFO    - Unsafe states sampled
2025-03-17 21:48:57,078 - sampling      - INFO    - Sampling from the state space Z...
2025-03-17 21:49:03,165 - sampling      - INFO    - Sampled from Z.
2025-03-17 21:49:03,165 - synthesizeBC  - INFO    - Making constraints for the linear optimization problem...
2025-03-17 21:49:03,172 - synthesizeBC  - INFO    - Constraints made.
2025-03-17 21:49:03,172 - linearOpt     - INFO    - Solving linear optimization problem...
2025-03-17 21:49:03,194 - linearOpt     - INFO    - Linear program terminated.
2025-03-17 21:49:03,195 - linearOpt     - INFO    - Optimization completed:Optimization terminated successfully. (HiGHS Status 7: Optimal)
2025-03-17 21:49:03,195 - linearOpt     - INFO    - Optimal value: -0.0
2025-03-17 21:49:03,195 - linearOpt     - INFO    - Extracting the real part of coefficients a form result...
2025-03-17 21:49:03,195 - linearOpt     - INFO    - [-0.]
2025-03-17 21:49:03,195 - linearOpt     - INFO    - Extracting the immaginary part of coefficients a form result...
2025-03-17 21:49:03,195 - linearOpt     - INFO    - [0.]
2025-03-17 21:49:03,196 - synthesizeBC  - INFO    - No valid candidate found.
2025-03-17 21:49:03,196 - synthesizeBC  - INFO    - Extending template...
2025-03-17 21:49:03,196 - sampling      - INFO    - Sampling initial states...
2025-03-17 21:49:04,823 - sampling      - INFO    - Initial states sampled.
2025-03-17 21:49:04,823 - sampling      - INFO    - Sampling unsafe states...
2025-03-17 21:49:06,470 - sampling      - INFO    - Unsafe states sampled
2025-03-17 21:49:06,471 - sampling      - INFO    - Sampling from the state space Z...
2025-03-17 21:49:12,611 - sampling      - INFO    - Sampled from Z.
2025-03-17 21:49:12,611 - synthesizeBC  - INFO    - Making constraints for the linear optimization problem...
2025-03-17 21:49:12,618 - synthesizeBC  - INFO    - Constraints made.
2025-03-17 21:49:12,619 - linearOpt     - INFO    - Solving linear optimization problem...
2025-03-17 21:49:12,663 - linearOpt     - INFO    - Linear program terminated.
2025-03-17 21:49:12,663 - linearOpt     - INFO    - Optimization completed:Optimization terminated successfully. (HiGHS Status 7: Optimal)
2025-03-17 21:49:12,663 - linearOpt     - INFO    - Optimal value: 2.3574195898265895
2025-03-17 21:49:12,663 - linearOpt     - INFO    - Extracting the real part of coefficients a form result...
2025-03-17 21:49:12,663 - linearOpt     - INFO    - [ 2.6520768  -2.94675201]
2025-03-17 21:49:12,664 - linearOpt     - INFO    - Extracting the immaginary part of coefficients a form result...
2025-03-17 21:49:12,664 - linearOpt     - INFO    - [0. 0.]
2025-03-17 21:49:12,680 - synthesizeBC  - INFO    - Candidate barrier certificate found
2025-03-17 21:49:12,681 - synthesizeBC  - INFO    - Poly(-2.9467520053496*z0*(conjugate(z0)) + 2.65207680481464, z0, z1, z2, z3, conjugate(z0), conjugate(z1), conjugate(z2), conjugate(z3), domain='CC')
2025-03-17 21:49:12,681 - synthesizeBC  - INFO    - Time for the generation of the candidate: 18.80964520800626
2025-03-17 21:49:12,688 - smtcheck      - INFO    - Checking initial constraint...
2025-03-17 21:49:12,691 - smtcheck      - INFO    - No counterexamples found.
2025-03-17 21:49:12,691 - smtcheck      - INFO    - checking unsafe constraints for barriers...
2025-03-17 21:49:12,695 - smtcheck      - INFO    - No counterexamples found.
2025-03-17 21:49:12,695 - smtcheck      - INFO    - checking for k_induction constraint...
2025-03-17 21:49:12,697 - smtcheck      - INFO    - No counterexamples found.
2025-03-17 21:49:12,697 - synthesizeBC  - INFO    - Barrier certificate is verified by SMT solver
2025-03-17 21:49:12,697 - synthesizeBC  - INFO    - Time for the verification: 0.016283042001305148
2025-03-17 21:49:12,697 - synthesizeBC  - INFO    - [Poly(-2.9467520053496*z0*(conjugate(z0)) + 2.65207680481464, z0, z1, z2, z3, conjugate(z0), conjugate(z1), conjugate(z2), conjugate(z3), domain='CC')]
