2025-03-17 22:33:40,386 - root          - INFO    - 2025-03-17 22:33:40.386846
2025-03-17 22:33:40,386 - root          - INFO    - Storing logs in /Users/victorlopata/Desktop/LAUREA 2024/BarrierCertificate-Verification/QuantumVerification/logs/Zgate_1.log
2025-03-17 22:33:40,386 - root          - INFO    - Running Zgate_1 example
2025-03-17 22:33:40,387 - sampling      - INFO    - Sampling initial states...
2025-03-17 22:33:41,598 - sampling      - INFO    - Initial states sampled.
2025-03-17 22:33:41,598 - sampling      - INFO    - Sampling unsafe states...
2025-03-17 22:33:42,766 - sampling      - INFO    - Unsafe states sampled
2025-03-17 22:33:42,766 - sampling      - INFO    - Sampling from the state space Z...
2025-03-17 22:33:46,557 - sampling      - INFO    - Sampled from Z.
2025-03-17 22:33:46,557 - synthesizeBC  - INFO    - Making constraints for the linear optimization problem...
2025-03-17 22:33:46,564 - synthesizeBC  - INFO    - Constraints made.
2025-03-17 22:33:46,564 - linearOpt     - INFO    - Solving linear optimization problem...
2025-03-17 22:33:46,587 - linearOpt     - INFO    - Linear program terminated.
2025-03-17 22:33:46,587 - linearOpt     - INFO    - Optimization completed:Optimization terminated successfully. (HiGHS Status 7: Optimal)
2025-03-17 22:33:46,587 - linearOpt     - INFO    - Optimal value: -0.0
2025-03-17 22:33:46,587 - linearOpt     - INFO    - Extracting the real part of coefficients a form result...
2025-03-17 22:33:46,588 - linearOpt     - INFO    - [-0.]
2025-03-17 22:33:46,588 - linearOpt     - INFO    - Extracting the immaginary part of coefficients a form result...
2025-03-17 22:33:46,588 - linearOpt     - INFO    - [0.]
2025-03-17 22:33:46,588 - synthesizeBC  - INFO    - No valid candidate found.
2025-03-17 22:33:46,588 - synthesizeBC  - INFO    - Extending template...
2025-03-17 22:33:46,588 - sampling      - INFO    - Sampling initial states...
2025-03-17 22:33:47,801 - sampling      - INFO    - Initial states sampled.
2025-03-17 22:33:47,801 - sampling      - INFO    - Sampling unsafe states...
2025-03-17 22:33:49,030 - sampling      - INFO    - Unsafe states sampled
2025-03-17 22:33:49,030 - sampling      - INFO    - Sampling from the state space Z...
2025-03-17 22:33:52,915 - sampling      - INFO    - Sampled from Z.
2025-03-17 22:33:52,915 - synthesizeBC  - INFO    - Making constraints for the linear optimization problem...
2025-03-17 22:33:52,923 - synthesizeBC  - INFO    - Constraints made.
2025-03-17 22:33:52,923 - linearOpt     - INFO    - Solving linear optimization problem...
2025-03-17 22:33:52,977 - linearOpt     - INFO    - Linear program terminated.
2025-03-17 22:33:52,977 - linearOpt     - INFO    - Optimization completed:Optimization terminated successfully. (HiGHS Status 7: Optimal)
2025-03-17 22:33:52,977 - linearOpt     - INFO    - Optimal value: 1.3127420497981657
2025-03-17 22:33:52,977 - linearOpt     - INFO    - Extracting the real part of coefficients a form result...
2025-03-17 22:33:52,977 - linearOpt     - INFO    - [ 1.47682354 -1.64091504]
2025-03-17 22:33:52,977 - linearOpt     - INFO    - Extracting the immaginary part of coefficients a form result...
2025-03-17 22:33:52,977 - linearOpt     - INFO    - [0. 0.]
2025-03-17 22:33:52,994 - synthesizeBC  - INFO    - Candidate barrier certificate found
2025-03-17 22:33:52,994 - synthesizeBC  - INFO    - Poly(-1.64091504305945*z0*(conjugate(z0)) + 1.47682353875351, z0, z1, conjugate(z0), conjugate(z1), domain='CC')
2025-03-17 22:33:52,994 - synthesizeBC  - INFO    - Time for the generation of the candidate: 12.608035999990534
2025-03-17 22:33:53,001 - smtcheck      - INFO    - Checking initial constraint...
2025-03-17 22:33:53,004 - smtcheck      - WARNING - Counterexample found: [re(z0) = 17089958990371629/18014398509481984,
 im(z0) = 0,
 im(z1) = -0.31622776601683786141060883425793379720043037435738?,
 re(z1) = 0]
2025-03-17 22:33:53,004 - synthesizeBC  - INFO    - No valid candidate found.
2025-03-17 22:33:53,004 - synthesizeBC  - INFO    - Extending template...
2025-03-17 22:33:53,004 - sampling      - INFO    - Sampling initial states...
2025-03-17 22:33:54,283 - sampling      - INFO    - Initial states sampled.
2025-03-17 22:33:54,283 - sampling      - INFO    - Sampling unsafe states...
2025-03-17 22:33:55,519 - sampling      - INFO    - Unsafe states sampled
2025-03-17 22:33:55,519 - sampling      - INFO    - Sampling from the state space Z...
2025-03-17 22:33:59,683 - sampling      - INFO    - Sampled from Z.
2025-03-17 22:33:59,683 - synthesizeBC  - INFO    - Making constraints for the linear optimization problem...
2025-03-17 22:33:59,691 - synthesizeBC  - INFO    - Constraints made.
2025-03-17 22:33:59,691 - linearOpt     - INFO    - Solving linear optimization problem...
2025-03-17 22:33:59,741 - linearOpt     - INFO    - Linear program terminated.
2025-03-17 22:33:59,741 - linearOpt     - INFO    - Optimization completed:Optimization terminated successfully. (HiGHS Status 7: Optimal)
2025-03-17 22:33:59,741 - linearOpt     - INFO    - Optimal value: 6.820758021295829
2025-03-17 22:33:59,741 - linearOpt     - INFO    - Extracting the real part of coefficients a form result...
2025-03-17 22:33:59,742 - linearOpt     - INFO    - [ 0.         -0.85258825  7.67329423]
2025-03-17 22:33:59,742 - linearOpt     - INFO    - Extracting the immaginary part of coefficients a form result...
2025-03-17 22:33:59,742 - linearOpt     - INFO    - [0. 0. 0.]
2025-03-17 22:33:59,742 - synthesizeBC  - INFO    - Candidate barrier certificate found
2025-03-17 22:33:59,743 - synthesizeBC  - INFO    - Poly(-0.852588247929863*z0*(conjugate(z0)) + 7.67329423136876*z1*(conjugate(z1)), z0, z1, conjugate(z0), conjugate(z1), domain='CC')
2025-03-17 22:33:59,743 - synthesizeBC  - INFO    - Time for the generation of the candidate: 6.748022999992827
2025-03-17 22:33:59,746 - smtcheck      - INFO    - Checking initial constraint...
2025-03-17 22:33:59,757 - smtcheck      - INFO    - No counterexamples found.
2025-03-17 22:33:59,757 - smtcheck      - INFO    - checking unsafe constraints for barriers...
2025-03-17 22:33:59,765 - smtcheck      - INFO    - No counterexamples found.
2025-03-17 22:33:59,765 - smtcheck      - INFO    - checking for k_induction constraint...
2025-03-17 22:33:59,767 - smtcheck      - INFO    - No counterexamples found.
2025-03-17 22:33:59,767 - synthesizeBC  - INFO    - Barrier certificate is verified by SMT solver
2025-03-17 22:33:59,767 - synthesizeBC  - INFO    - Time for the verification: 0.02419729100074619
2025-03-17 22:33:59,767 - synthesizeBC  - INFO    - [Poly(-0.852588247929863*z0*(conjugate(z0)) + 7.67329423136876*z1*(conjugate(z1)), z0, z1, conjugate(z0), conjugate(z1), domain='CC')]
